Build started 23-11-2014 13:07:30.
     1>Project "C:\Users\Sjoerd\Documents\School\Jaar4\Artificial intelligence\AI\AI\AI.vcxproj" on node 2 (Build target(s)).
     1>Building with tools version "12.0".
     1>Target "_CheckForInvalidConfigurationAndPlatform" in file "C:\Program Files (x86)\MSBuild\12.0\bin\Microsoft.Common.CurrentVersion.targets" from project "C:\Users\Sjoerd\Documents\School\Jaar4\Artificial intelligence\AI\AI\AI.vcxproj" (entry point):
       Task "Error" skipped, due to false condition; ( '$(_InvalidConfigurationError)' == 'true' ) was evaluated as ( '' == 'true' ).
       Task "Warning" skipped, due to false condition; ( '$(_InvalidConfigurationWarning)' == 'true' ) was evaluated as ( '' == 'true' ).
       Using "Message" task from assembly "Microsoft.Build.Tasks.v12.0, Version=12.0.0.0, Culture=neutral, PublicKeyToken=b03f5f7f11d50a3a".
       Task "Message"
         Configuration=Release
       Done executing task "Message".
       Task "Message"
         Platform=Win32
       Done executing task "Message".
       Task "Error" skipped, due to false condition; ('$(OutDir)' != '' and !HasTrailingSlash('$(OutDir)')) was evaluated as ('C:\Users\Sjoerd\Documents\School\Jaar4\Artificial intelligence\AI\Release\' != '' and !HasTrailingSlash('C:\Users\Sjoerd\Documents\School\Jaar4\Artificial intelligence\AI\Release\')).
       Task "Error" skipped, due to false condition; ('$(BaseIntermediateOutputPath)' != '' and !HasTrailingSlash('$(BaseIntermediateOutputPath)')) was evaluated as ('obj\' != '' and !HasTrailingSlash('obj\')).
       Task "Error" skipped, due to false condition; ('$(IntermediateOutputPath)' != '' and !HasTrailingSlash('$(IntermediateOutputPath)')) was evaluated as ('Release\' != '' and !HasTrailingSlash('Release\')).
     1>Done building target "_CheckForInvalidConfigurationAndPlatform" in project "AI.vcxproj".
     1>Target "SDL_redist_init" in file "C:\Users\Sjoerd\Documents\School\Jaar4\Artificial intelligence\AI\packages\SDL.redist.1.2.15.15\build\native\SDL.redist.targets" from project "C:\Users\Sjoerd\Documents\School\Jaar4\Artificial intelligence\AI\AI\AI.vcxproj" (entry point):
       Task "SDL_redist_Contains" skipped, due to false condition; ('$(SdlEntryPoint-SDL_redist)'=='') was evaluated as ('NoStdioRedirect'=='').
       Task "SDL_redist_Contains" skipped, due to false condition; ('$(SdlEntryPoint-SDL_redist)'=='') was evaluated as ('NoStdioRedirect'=='').
       Task "SDL_redist_Contains" skipped, due to false condition; ('$(SdlEntryPoint-SDL_redist)'=='') was evaluated as ('NoStdioRedirect'=='').
       Task "SDL_redist_Contains" skipped, due to false condition; ('$(Linkage-SDL_redist)'=='') was evaluated as ('dynamic'=='').
       Task "SDL_redist_Contains" skipped, due to false condition; ('$(Linkage-SDL_redist)'=='') was evaluated as ('dynamic'=='').
       Task "SDL_redist_Contains" skipped, due to false condition; ('$(Linkage-SDL_redist)'=='') was evaluated as ('dynamic'=='').
       Task "SDL_redist_Contains" skipped, due to false condition; ('$(Linkage-SDL_redist)'=='') was evaluated as ('dynamic'=='').
       Task "SDL_redist_Contains" skipped, due to false condition; ('$(CallingConvention-SDL_redist)'=='') was evaluated as ('cdecl'=='').
       Task "SDL_redist_Contains" skipped, due to false condition; ('$(CallingConvention-SDL_redist)'=='') was evaluated as ('cdecl'=='').
       Task "SDL_redist_Contains" skipped, due to false condition; ('$(CallingConvention-SDL_redist)'=='') was evaluated as ('cdecl'=='').
       Task "SDL_redist_Contains" skipped, due to false condition; ('$(CallingConvention-SDL_redist)'=='') was evaluated as ('cdecl'=='').
       Task "SDL_redist_Contains" skipped, due to false condition; ('$(CallingConvention-SDL_redist)'=='') was evaluated as ('cdecl'=='').
     1>Done building target "SDL_redist_init" in project "AI.vcxproj".
     1>Target "SDL_redist_init_2" in file "C:\Users\Sjoerd\Documents\School\Jaar4\Artificial intelligence\AI\packages\SDL.redist.1.2.15.15\build\native\SDL.redist.targets" from project "C:\Users\Sjoerd\Documents\School\Jaar4\Artificial intelligence\AI\AI\AI.vcxproj" (entry point):
       Task "SetEnv" skipped, due to false condition; ('$(PlatformToolset.ToLower())' == 'v100' And '$(Platform.ToLower())' == 'win32' And ( $(Configuration.ToLower().IndexOf('debug')) == -1 ) And '$(Linkage-SDL_redist.ToLower())' == 'dynamic') was evaluated as ('v120' == 'v100' And 'win32' == 'win32' And ( -1 == -1 ) And 'dynamic' == 'dynamic').
       Task "SetEnv" skipped, due to false condition; (( $(PlatformToolset.ToLower().IndexOf('v110')) > -1 Or '$(PlatformToolset.ToLower())' == 'windowskernelmodedriver8.0' Or '$(PlatformToolset.ToLower())' == 'windowsapplicationfordrivers8.0' Or '$(PlatformToolset.ToLower())' == 'windowsusermodedriver8.0' ) And '$(Platform.ToLower())' == 'win32' And ( $(Configuration.ToLower().IndexOf('debug')) == -1 ) And '$(Linkage-SDL_redist.ToLower())' == 'dynamic') was evaluated as (( -1 > -1 Or 'v120' == 'windowskernelmodedriver8.0' Or 'v120' == 'windowsapplicationfordrivers8.0' Or 'v120' == 'windowsusermodedriver8.0' ) And 'win32' == 'win32' And ( -1 == -1 ) And 'dynamic' == 'dynamic').
       Task "SetEnv" skipped, due to false condition; ('$(PlatformToolset.ToLower())' == 'v100' And '$(Platform.ToLower())' == 'x64' And ( $(Configuration.ToLower().IndexOf('debug')) == -1 ) And '$(Linkage-SDL_redist.ToLower())' == 'dynamic') was evaluated as ('v120' == 'v100' And 'win32' == 'x64' And ( -1 == -1 ) And 'dynamic' == 'dynamic').
       Task "SetEnv" skipped, due to false condition; (( $(PlatformToolset.ToLower().IndexOf('v110')) > -1 Or '$(PlatformToolset.ToLower())' == 'windowskernelmodedriver8.0' Or '$(PlatformToolset.ToLower())' == 'windowsapplicationfordrivers8.0' Or '$(PlatformToolset.ToLower())' == 'windowsusermodedriver8.0' ) And '$(Platform.ToLower())' == 'x64' And ( $(Configuration.ToLower().IndexOf('debug')) == -1 ) And '$(Linkage-SDL_redist.ToLower())' == 'dynamic') was evaluated as (( -1 > -1 Or 'v120' == 'windowskernelmodedriver8.0' Or 'v120' == 'windowsapplicationfordrivers8.0' Or 'v120' == 'windowsusermodedriver8.0' ) And 'win32' == 'x64' And ( -1 == -1 ) And 'dynamic' == 'dynamic').
       Task "SetEnv" skipped, due to false condition; ('$(PlatformToolset.ToLower())' == 'v100' And '$(Platform.ToLower())' == 'win32' And ( $(Configuration.ToLower().IndexOf('debug')) > -1 ) And '$(Linkage-SDL_redist.ToLower())' == 'dynamic') was evaluated as ('v120' == 'v100' And 'win32' == 'win32' And ( -1 > -1 ) And 'dynamic' == 'dynamic').
       Task "SetEnv" skipped, due to false condition; (( $(PlatformToolset.ToLower().IndexOf('v110')) > -1 Or '$(PlatformToolset.ToLower())' == 'windowskernelmodedriver8.0' Or '$(PlatformToolset.ToLower())' == 'windowsapplicationfordrivers8.0' Or '$(PlatformToolset.ToLower())' == 'windowsusermodedriver8.0' ) And '$(Platform.ToLower())' == 'win32' And ( $(Configuration.ToLower().IndexOf('debug')) > -1 ) And '$(Linkage-SDL_redist.ToLower())' == 'dynamic') was evaluated as (( -1 > -1 Or 'v120' == 'windowskernelmodedriver8.0' Or 'v120' == 'windowsapplicationfordrivers8.0' Or 'v120' == 'windowsusermodedriver8.0' ) And 'win32' == 'win32' And ( -1 > -1 ) And 'dynamic' == 'dynamic').
       Task "SetEnv" skipped, due to false condition; ('$(PlatformToolset.ToLower())' == 'v100' And '$(Platform.ToLower())' == 'x64' And ( $(Configuration.ToLower().IndexOf('debug')) > -1 ) And '$(Linkage-SDL_redist.ToLower())' == 'dynamic') was evaluated as ('v120' == 'v100' And 'win32' == 'x64' And ( -1 > -1 ) And 'dynamic' == 'dynamic').
       Task "SetEnv" skipped, due to false condition; (( $(PlatformToolset.ToLower().IndexOf('v110')) > -1 Or '$(PlatformToolset.ToLower())' == 'windowskernelmodedriver8.0' Or '$(PlatformToolset.ToLower())' == 'windowsapplicationfordrivers8.0' Or '$(PlatformToolset.ToLower())' == 'windowsusermodedriver8.0' ) And '$(Platform.ToLower())' == 'x64' And ( $(Configuration.ToLower().IndexOf('debug')) > -1 ) And '$(Linkage-SDL_redist.ToLower())' == 'dynamic') was evaluated as (( -1 > -1 Or 'v120' == 'windowskernelmodedriver8.0' Or 'v120' == 'windowsapplicationfordrivers8.0' Or 'v120' == 'windowsusermodedriver8.0' ) And 'win32' == 'x64' And ( -1 > -1 ) And 'dynamic' == 'dynamic').
     1>Done building target "SDL_redist_init_2" in project "AI.vcxproj".
     1>Target "SDL_init" in file "C:\Users\Sjoerd\Documents\School\Jaar4\Artificial intelligence\AI\packages\SDL.1.2.15.15\build\native\SDL.targets" from project "C:\Users\Sjoerd\Documents\School\Jaar4\Artificial intelligence\AI\AI\AI.vcxproj" (entry point):
       Task "SDL_Contains" skipped, due to false condition; ('$(SdlEntryPoint-SDL)'=='') was evaluated as ('NoStdioRedirect'=='').
       Task "SDL_Contains" skipped, due to false condition; ('$(SdlEntryPoint-SDL)'=='') was evaluated as ('NoStdioRedirect'=='').
       Task "SDL_Contains" skipped, due to false condition; ('$(SdlEntryPoint-SDL)'=='') was evaluated as ('NoStdioRedirect'=='').
       Task "SDL_Contains" skipped, due to false condition; ('$(Linkage-SDL)'=='') was evaluated as ('dynamic'=='').
       Task "SDL_Contains" skipped, due to false condition; ('$(Linkage-SDL)'=='') was evaluated as ('dynamic'=='').
       Task "SDL_Contains" skipped, due to false condition; ('$(Linkage-SDL)'=='') was evaluated as ('dynamic'=='').
       Task "SDL_Contains" skipped, due to false condition; ('$(Linkage-SDL)'=='') was evaluated as ('dynamic'=='').
       Task "SDL_Contains" skipped, due to false condition; ('$(CallingConvention-SDL)'=='') was evaluated as ('cdecl'=='').
       Task "SDL_Contains" skipped, due to false condition; ('$(CallingConvention-SDL)'=='') was evaluated as ('cdecl'=='').
       Task "SDL_Contains" skipped, due to false condition; ('$(CallingConvention-SDL)'=='') was evaluated as ('cdecl'=='').
       Task "SDL_Contains" skipped, due to false condition; ('$(CallingConvention-SDL)'=='') was evaluated as ('cdecl'=='').
       Task "SDL_Contains" skipped, due to false condition; ('$(CallingConvention-SDL)'=='') was evaluated as ('cdecl'=='').
     1>Done building target "SDL_init" in project "AI.vcxproj".
     1>Target "_PrepareForBuild" in file "C:\Program Files (x86)\MSBuild\Microsoft.Cpp\v4.0\V120\Microsoft.BuildSteps.Targets" from project "C:\Users\Sjoerd\Documents\School\Jaar4\Artificial intelligence\AI\AI\AI.vcxproj" (target "Build" depends on it):
       Task "CreateItem" skipped, due to false condition; ('%(CustomBuild.IncludeFileToTool)'!='') was evaluated as (''!='').
     1>Done building target "_PrepareForBuild" in project "AI.vcxproj".
     1>Target "_PrepareForReferenceResolution" in file "C:\Program Files (x86)\MSBuild\Microsoft.Cpp\v4.0\V120\Microsoft.CppBuild.targets" from project "C:\Users\Sjoerd\Documents\School\Jaar4\Artificial intelligence\AI\AI\AI.vcxproj" (target "ResolveReferences" depends on it):
       Task "Message" skipped, due to false condition; ('$(_REFERENCE_DEBUG)'=='true') was evaluated as (''=='true').
     1>Done building target "_PrepareForReferenceResolution" in project "AI.vcxproj".
       Target "ComputeCrtSDKReference" skipped, due to false condition; ('@(ClCompile)'!='' and '$(WindowsAppContainer)'=='true' and '$(UseCrtSDKReference)' != 'false') was evaluated as ('Controller.cpp;Cow.cpp;Edge.cpp;Graph.cpp;Hare.cpp;Main.cpp;MainWindow.cpp;Vertex.cpp'!='' and 'false'=='true' and '' != 'false').
     1>Target "BeforeResolveReferences" in file "C:\Program Files (x86)\MSBuild\12.0\bin\Microsoft.Common.CurrentVersion.targets" from project "C:\Users\Sjoerd\Documents\School\Jaar4\Artificial intelligence\AI\AI\AI.vcxproj" (target "ResolveReferences" depends on it):
     1>Done building target "BeforeResolveReferences" in project "AI.vcxproj".
     1>Target "AssignProjectConfiguration" in file "C:\Program Files (x86)\MSBuild\12.0\bin\Microsoft.Common.CurrentVersion.targets" from project "C:\Users\Sjoerd\Documents\School\Jaar4\Artificial intelligence\AI\AI\AI.vcxproj" (target "ResolveReferences" depends on it):
       Using "AssignProjectConfiguration" task from assembly "Microsoft.Build.Tasks.v12.0, Version=12.0.0.0, Culture=neutral, PublicKeyToken=b03f5f7f11d50a3a".
       Task "AssignProjectConfiguration"
       Done executing task "AssignProjectConfiguration".
     1>Done building target "AssignProjectConfiguration" in project "AI.vcxproj".
       Target "AssignProjectConfiguration" skipped. Previously built successfully.
     1>Target "_SplitProjectReferencesByFileExistence" in file "C:\Program Files (x86)\MSBuild\12.0\bin\Microsoft.Common.CurrentVersion.targets" from project "C:\Users\Sjoerd\Documents\School\Jaar4\Artificial intelligence\AI\AI\AI.vcxproj" (target "ResolveProjectReferences" depends on it):
       Task "ResolveNonMSBuildProjectOutput" skipped, due to false condition; ('$(BuildingInsideVisualStudio)'=='true' and '@(ProjectReferenceWithConfiguration)'!='') was evaluated as ('true'=='true' and ''!='').
     1>Done building target "_SplitProjectReferencesByFileExistence" in project "AI.vcxproj".
       Target "_RemoveNameMetadataFromProjectReferenceItems" skipped, due to false condition; ('@(ProjectReference)'!='') was evaluated as (''!='').
     1>Target "ResolveProjectReferences" in file "C:\Program Files (x86)\MSBuild\12.0\bin\Microsoft.Common.CurrentVersion.targets" from project "C:\Users\Sjoerd\Documents\School\Jaar4\Artificial intelligence\AI\AI\AI.vcxproj" (target "ResolveReferences" depends on it):
       Task "MSBuild" skipped, due to false condition; ('%(_MSBuildProjectReferenceExistent.BuildReference)' == 'true' and '@(ProjectReferenceWithConfiguration)' != '' and ('$(BuildingInsideVisualStudio)' == 'true' or '$(BuildProjectReferences)' != 'true') and '$(VisualStudioVersion)' != '10.0' and '@(_MSBuildProjectReferenceExistent)' != '') was evaluated as ('' == 'true' and '' != '' and ('true' == 'true' or 'true' != 'true') and '12.0' != '10.0' and '' != '').
       Task "MSBuild" skipped, due to false condition; ('%(_MSBuildProjectReferenceExistent.BuildReference)' == 'true' and '@(ProjectReferenceWithConfiguration)' != '' and ('$(BuildingInsideVisualStudio)' == 'true' or '$(BuildProjectReferences)' != 'true') and '$(VisualStudioVersion)' == '10.0' and '@(_MSBuildProjectReferenceExistent)' != '') was evaluated as ('' == 'true' and '' != '' and ('true' == 'true' or 'true' != 'true') and '12.0' == '10.0' and '' != '').
       Task "MSBuild" skipped, due to false condition; ('%(_MSBuildProjectReferenceExistent.BuildReference)' == 'true' and '@(ProjectReferenceWithConfiguration)' != '' and '$(BuildingInsideVisualStudio)' != 'true' and '$(BuildProjectReferences)' == 'true' and '@(_MSBuildProjectReferenceExistent)' != '') was evaluated as ('' == 'true' and '' != '' and 'true' != 'true' and 'true' == 'true' and '' != '').
       Task "MSBuild" skipped, due to false condition; ('%(_MSBuildProjectReferenceExistent.BuildReference)' == 'true' and '@(ProjectReferenceWithConfiguration)' != '' and '$(BuildingProject)' == 'true' and '@(_MSBuildProjectReferenceExistent)' != '') was evaluated as ('' == 'true' and '' != '' and 'true' == 'true' and '' != '').
       Task "Warning" skipped, due to false condition; ('@(ProjectReferenceWithConfiguration)' != '' and '@(_MSBuildProjectReferenceNonexistent)' != '') was evaluated as ('' != '' and '' != '').
     1>Done building target "ResolveProjectReferences" in project "AI.vcxproj".
       Target "FindInvalidProjectReferences" skipped, due to false condition; ('$(FindInvalidProjectReferences)' == 'true') was evaluated as ('' == 'true').
       Target "ResolveNativeReferences" skipped, due to false condition; ('@(NativeReference)'!='') was evaluated as (''!='').
       Target "_PrepareForReferenceResolution" skipped. Previously built successfully.
     1>Target "GetFrameworkPaths" in file "C:\Program Files (x86)\MSBuild\12.0\bin\Microsoft.NetFramework.CurrentVersion.targets" from project "C:\Users\Sjoerd\Documents\School\Jaar4\Artificial intelligence\AI\AI\AI.vcxproj" (target "ResolveAssemblyReferences" depends on it):
     1>Done building target "GetFrameworkPaths" in project "AI.vcxproj".
       Target "GetWinFXPath" skipped, due to false condition; (('@(Page)' != '' or '@(ApplicationDefinition)' != '' or '@(Resource)' != '') and ('$(GetWinFXNativePath)' != '' or '$(GetWinFXWoWPath)' != '' )) was evaluated as (('' != '' or '' != '' or '' != '') and ('' != '' or '' != '' )).
     1>Target "GetReferenceAssemblyPaths" in file "C:\Program Files (x86)\MSBuild\12.0\bin\Microsoft.Common.CurrentVersion.targets" from project "C:\Users\Sjoerd\Documents\School\Jaar4\Artificial intelligence\AI\AI\AI.vcxproj" (target "ResolveAssemblyReferences" depends on it):
       Task "GetReferenceAssemblyPaths" skipped, due to false condition; ('$(TargetFrameworkMoniker)' != '' and ('$(_TargetFrameworkDirectories)' == '' or '$(_FullFrameworkReferenceAssemblyPaths)' == '')) was evaluated as ('' != '' and ('C:\Program Files (x86)\Reference Assemblies\Microsoft\Framework\.NETFramework\v4.0' == '' or 'C:\Program Files (x86)\Reference Assemblies\Microsoft\Framework\.NETFramework\v4.0' == '')).
     1>Done building target "GetReferenceAssemblyPaths" in project "AI.vcxproj".
     1>Target "SetBuildDefaultEnvironmentVariables" in file "C:\Program Files (x86)\MSBuild\Microsoft.Cpp\v4.0\V120\Microsoft.Cpp.targets" from project "C:\Users\Sjoerd\Documents\School\Jaar4\Artificial intelligence\AI\AI\AI.vcxproj" (target "PrepareForBuild" depends on it):
       Using "SetEnv" task from assembly "C:\Program Files (x86)\MSBuild\Microsoft.Cpp\v4.0\V120\Microsoft.Build.CppTasks.Common.dll".
       Task "SetEnv"
         PATH=C:\Program Files (x86)\Microsoft Visual Studio 12.0\VC\bin;C:\Program Files (x86)\Windows Kits\8.1\bin\x86;;C:\Program Files (x86)\Microsoft SDKs\Windows\v8.1A\bin\NETFX 4.5.1 Tools;C:\Program Files (x86)\Microsoft Visual Studio 12.0\Common7\Tools\bin;C:\Program Files (x86)\Microsoft Visual Studio 12.0\Common7\tools;C:\Program Files (x86)\Microsoft Visual Studio 12.0\Common7\ide;C:\Program Files (x86)\HTML Help Workshop;;C:\Program Files (x86)\MSBuild\12.0\bin\;C:\Windows\Microsoft.NET\Framework\v4.0.30319\;C:\Windows\SysWow64;;C:\Program Files (x86)\Microsoft Visual Studio 12.0\Common7\IDE\CommonExtensions\Microsoft\TeamFoundation\Team Explorer\NativeBinaries/x86;C:\Program Files (x86)\NVIDIA Corporation\PhysX\Common;C:\Windows\system32;C:\Windows;C:\Windows\System32\Wbem;C:\Windows\System32\WindowsPowerShell\v1.0\;C:\Program Files\nodejs\;C:\Program Files (x86)\Windows Kits\8.1\Windows Performance Toolkit\;C:\Program Files\Microsoft SQL Server\110\Tools\Binn\;C:\Program Files (x86)\Microsoft SDKs\TypeScript\1.0\;C:\Program Files\Microsoft\Web Platform Installer\;C:\Qt\Qt5.3.2\5.3\msvc2013_opengl\bin\;C:\Users\Sjoerd\AppData\Roaming\npm;
       Done executing task "SetEnv".
       Task "SetEnv"
         LIB=C:\Program Files (x86)\Microsoft Visual Studio 12.0\VC\lib;C:\Program Files (x86)\Microsoft Visual Studio 12.0\VC\atlmfc\lib;C:\Program Files (x86)\Windows Kits\8.1\lib\winv6.3\um\x86;;
       Done executing task "SetEnv".
       Task "SetEnv"
         LIBPATH=C:\Program Files (x86)\Microsoft Visual Studio 12.0\VC\atlmfc\lib;C:\Program Files (x86)\Microsoft Visual Studio 12.0\VC\lib;
       Done executing task "SetEnv".
       Task "SetEnv"
         INCLUDE=C:\Program Files (x86)\Microsoft Visual Studio 12.0\VC\include;C:\Program Files (x86)\Microsoft Visual Studio 12.0\VC\atlmfc\include;C:\Program Files (x86)\Windows Kits\8.1\Include\um;C:\Program Files (x86)\Windows Kits\8.1\Include\shared;C:\Program Files (x86)\Windows Kits\8.1\Include\winrt;;
       Done executing task "SetEnv".
     1>Done building target "SetBuildDefaultEnvironmentVariables" in project "AI.vcxproj".
       Target "SetUserMacroEnvironmentVariables" skipped, due to false condition; ('@(BuildMacro)' != '') was evaluated as ('' != '').
     1>Target "GetResolvedWinMD" in file "C:\Program Files (x86)\MSBuild\Microsoft.Cpp\v4.0\V120\Microsoft.CppBuild.targets" from project "C:\Users\Sjoerd\Documents\School\Jaar4\Artificial intelligence\AI\AI\AI.vcxproj" (target "PrepareForBuild" depends on it):
     1>Done building target "GetResolvedWinMD" in project "AI.vcxproj".
     1>Target "PlatformPrepareForBuild" in file "C:\Program Files (x86)\MSBuild\Microsoft.Cpp\v4.0\V120\Microsoft.Cpp.Platform.targets" from project "C:\Users\Sjoerd\Documents\School\Jaar4\Artificial intelligence\AI\AI\AI.vcxproj" (target "PrepareForBuild" depends on it):
       Task "VCMessage" skipped, due to false condition; ('$(_Error64bitToolsNotInstalled)' == 'true') was evaluated as ('' == 'true').
       Task "VCMessage" skipped, due to false condition; ('$(ConfigurationPlatformExists)' != 'true') was evaluated as ('true' != 'true').
       Task "VCMessage" skipped, due to false condition; ('$(ToolsetTargetsFound)' != 'true') was evaluated as ('true' != 'true').
     1>Done building target "PlatformPrepareForBuild" in project "AI.vcxproj".
       Target "GetFrameworkPaths" skipped. Previously built successfully.
       Target "GetReferenceAssemblyPaths" skipped. Previously built successfully.
       Target "AssignLinkMetadata" skipped, due to false condition; ( '$(SynthesizeLinkMetadata)' == 'true' ) was evaluated as ( '' == 'true' ).
     1>Target "SetCABuildNativeEnvironmentVariables" in file "C:\Program Files (x86)\MSBuild\Microsoft\VisualStudio\v12.0\CodeAnalysis\Microsoft.CodeAnalysis.targets" from project "C:\Users\Sjoerd\Documents\School\Jaar4\Artificial intelligence\AI\AI\AI.vcxproj" (target "PrepareForBuild" depends on it):
       Initializing task factory "CodeTaskFactory" from assembly "C:\Program Files (x86)\MSBuild\12.0\bin\Microsoft.Build.Tasks.v12.0.dll".
       Using "SetEnvironmentVariable" task from the task factory "Code Task Factory".
       Task "SetEnvironmentVariable"
       Done executing task "SetEnvironmentVariable".
     1>Done building target "SetCABuildNativeEnvironmentVariables" in project "AI.vcxproj".
     1>Target "EnsureNuGetPackageBuildImports" in project "C:\Users\Sjoerd\Documents\School\Jaar4\Artificial intelligence\AI\AI\AI.vcxproj" (target "PrepareForBuild" depends on it):
       Task "Error" skipped, due to false condition; (!Exists('..\packages\SDL.redist.1.2.15.15\build\native\SDL.redist.targets')) was evaluated as (!Exists('..\packages\SDL.redist.1.2.15.15\build\native\SDL.redist.targets')).
       Task "Error" skipped, due to false condition; (!Exists('..\packages\SDL.1.2.15.15\build\native\SDL.targets')) was evaluated as (!Exists('..\packages\SDL.1.2.15.15\build\native\SDL.targets')).
     1>Done building target "EnsureNuGetPackageBuildImports" in project "AI.vcxproj".
     1>Target "PrepareForBuild" in file "C:\Program Files (x86)\MSBuild\Microsoft.Cpp\v4.0\V120\Microsoft.CppBuild.targets" from project "C:\Users\Sjoerd\Documents\School\Jaar4\Artificial intelligence\AI\AI\AI.vcxproj" (target "ResolveAssemblyReferences" depends on it):
       Task "VCMessage" skipped, due to false condition; ('$(DesignTimeBuild)' != 'true' and '$(ConfigurationPlatformExists)' != 'true') was evaluated as ('' != 'true' and 'true' != 'true').
       Using "MakeDir" task from assembly "Microsoft.Build.Tasks.v12.0, Version=12.0.0.0, Culture=neutral, PublicKeyToken=b03f5f7f11d50a3a".
       Task "MakeDir"
       Done executing task "MakeDir".
       Task "VCMessage" skipped, due to false condition; ('$(DesignTimeBuild)'!='true' and '$(WindowsAppContainer)'=='true' and '$(ConfigurationType)'!='Application' and '$(ConfigurationType)'!='DynamicLibrary' and '$(ConfigurationType)'!='StaticLibrary') was evaluated as (''!='true' and 'false'=='true' and 'Application'!='Application' and 'Application'!='DynamicLibrary' and 'Application'!='StaticLibrary').
       Task "VCMessage" skipped, due to false condition; ('$(DesignTimeBuild)'!='true' and '$(VCInstallDir)'=='' and '$(UseEnv)' != 'true' and ('$(TargetFrameworkVersion)'=='v3.5' or '$(TargetFrameworkVersion)'=='v3.0' or '$(TargetFrameworkVersion)'=='v2.0' )) was evaluated as (''!='true' and 'C:\Program Files (x86)\Microsoft Visual Studio 12.0\VC\'=='' and '' != 'true' and ('v4.0'=='v3.5' or 'v4.0'=='v3.0' or 'v4.0'=='v2.0' )).
       Task "VCMessage" skipped, due to false condition; ('$(DesignTimeBuild)'!='true' and '$(VCInstallDir)'=='' and '$(UseEnv)' != 'true' and '$(PlatformToolset)'=='v90') was evaluated as (''!='true' and 'C:\Program Files (x86)\Microsoft Visual Studio 12.0\VC\'=='' and '' != 'true' and 'v120'=='v90').
       Task "VCMessage" skipped, due to false condition; ('$(VCInstallDir)'=='' and '$(UseEnv)' != 'true') was evaluated as ('C:\Program Files (x86)\Microsoft Visual Studio 12.0\VC\'=='' and '' != 'true').
       Task "VCMessage" skipped, due to false condition; ('$(WindowsSDKDir)'=='' and '$(UseEnv)' != 'true') was evaluated as ('C:\Program Files (x86)\Windows Kits\8.1\'=='' and '' != 'true').
       Task "VCMessage" skipped, due to false condition; ('$(IntDirTrailingSlashWarning)'=='true') was evaluated as (''=='true').
       Task "VCMessage" skipped, due to false condition; ('$(OutDirTrailingSlashWarning)'=='true') was evaluated as (''=='true').
       Task "VCMessage" skipped, due to false condition; ('%(CompatibilityIssues.Identity)' != '' and '$(DesignTimeBuild)'!='true') was evaluated as ('' != '' and ''!='true').
       Task "VCMessage" skipped, due to false condition; ('$(_MBCS_Using)' == 'true' and '$(_MBCS_Installed)' != 'true' and '$(DesignTimeBuild)' != 'true') was evaluated as ('' == 'true' and '' != 'true' and '' != 'true').
       Task "VCMessage" skipped, due to false condition; ('$(IgnoreWarnIntDirSharingDetected)' != 'true' and '$(IntDirSharingDetected)' == 'true') was evaluated as ('' != 'true' and '' == 'true').
       Task "VCMessage" skipped, due to false condition; ('$(IgnoreWarnIntDirInTempDetected)' != 'true' and ('$(_IntDirFullpath.StartsWith($(Tmp), true, null))' == 'true' or '$(_IntDirFullpath.StartsWith($(Temp), true, null))' == 'true' or '$(_OutDirFullpath.StartsWith($(Tmp), true, null))' == 'true' or '$(_OutDirFullpath.StartsWith($(Temp), true, null))' == 'true')) was evaluated as ('' != 'true' and ('False' == 'true' or 'False' == 'true' or 'False' == 'true' or 'False' == 'true')).
       Task "MakeDir"
         Creating directory "C:\Users\Sjoerd\Documents\School\Jaar4\Artificial intelligence\AI\Release\".
         Creating directory "Release\Week1.tlog\".
       Done executing task "MakeDir".
     1>Done building target "PrepareForBuild" in project "AI.vcxproj".
       Target "_PrepareForReferenceResolution" skipped. Previously built successfully.
       Target "ComputeCrtSDKReference" skipped, due to false condition; ('@(ClCompile)'!='' and '$(WindowsAppContainer)'=='true' and '$(UseCrtSDKReference)' != 'false') was evaluated as ('Controller.cpp;Cow.cpp;Edge.cpp;Graph.cpp;Hare.cpp;Main.cpp;MainWindow.cpp;Vertex.cpp'!='' and 'false'=='true' and '' != 'false').
     1>Target "GetInstalledSDKLocations" in file "C:\Program Files (x86)\MSBuild\12.0\bin\Microsoft.Common.CurrentVersion.targets" from project "C:\Users\Sjoerd\Documents\School\Jaar4\Artificial intelligence\AI\AI\AI.vcxproj" (target "ResolveSDKReferences" depends on it):
       Task "GetInstalledSDKLocations" skipped, due to false condition; ('@(SDKReference)' != '') was evaluated as ('' != '').
     1>Done building target "GetInstalledSDKLocations" in project "AI.vcxproj".
     1>Target "ResolveSDKReferences" in file "C:\Program Files (x86)\MSBuild\12.0\bin\Microsoft.Common.CurrentVersion.targets" from project "C:\Users\Sjoerd\Documents\School\Jaar4\Artificial intelligence\AI\AI\AI.vcxproj" (target "ResolveAssemblyReferences" depends on it):
       Task "ResolveSDKReference" skipped, due to false condition; ('@(SDKReference)'!='') was evaluated as (''!='').
     1>Done building target "ResolveSDKReferences" in project "AI.vcxproj".
       Target "ResolveSDKReferences" skipped. Previously built successfully.
     1>Target "ExpandSDKReferences" in file "C:\Program Files (x86)\MSBuild\12.0\bin\Microsoft.Common.CurrentVersion.targets" from project "C:\Users\Sjoerd\Documents\School\Jaar4\Artificial intelligence\AI\AI\AI.vcxproj" (target "ResolveAssemblyReferences" depends on it):
       Task "GetSDKReferenceFiles" skipped, due to false condition; ('@(ResolvedSDKReference)'!='') was evaluated as (''!='').
     1>Done building target "ExpandSDKReferences" in project "AI.vcxproj".
       Target "FakesGenerateBeforeBuild" skipped, due to false condition; (@(Fakes) != '' AND $(BuildingProject)) was evaluated as ( != '' AND true).
     1>Target "ResolveAssemblyReferences" in file "C:\Program Files (x86)\MSBuild\12.0\bin\Microsoft.Common.CurrentVersion.targets" from project "C:\Users\Sjoerd\Documents\School\Jaar4\Artificial intelligence\AI\AI\AI.vcxproj" (target "ResolveReferences" depends on it):
       Task "ResolveAssemblyReference" skipped, due to false condition; ('@(Reference)'!='' or '@(_ResolvedProjectReferencePaths)'!='' or '@(_ExplicitReference)' != '') was evaluated as (''!='' or ''!='' or '' != '').
     1>Done building target "ResolveAssemblyReferences" in project "AI.vcxproj".
       Target "GenerateBindingRedirects" skipped, due to false condition; ('$(AutoGenerateBindingRedirects)' == 'true' and '$(GenerateBindingRedirectsOutputType)' == 'true') was evaluated as ('' == 'true' and 'true' == 'true').
       Target "ResolveComReferences" skipped, due to false condition; ('@(COMReference)'!='' or '@(COMFileReference)'!='') was evaluated as (''!='' or ''!='').
     1>Target "AfterResolveReferences" in file "C:\Program Files (x86)\MSBuild\12.0\bin\Microsoft.Common.CurrentVersion.targets" from project "C:\Users\Sjoerd\Documents\School\Jaar4\Artificial intelligence\AI\AI\AI.vcxproj" (target "ResolveReferences" depends on it):
     1>Done building target "AfterResolveReferences" in project "AI.vcxproj".
       Target "ImplicitlyExpandDesignTimeFacades" skipped, due to false condition; ('$(ImplicitlyExpandDesignTimeFacades)' == 'true') was evaluated as ('' == 'true').
       Target "ResolveTestReferences" skipped, due to false condition; ('@(Shadow)'!='') was evaluated as (''!='').
     1>Target "ResolveReferences" in file "C:\Program Files (x86)\MSBuild\12.0\bin\Microsoft.Common.CurrentVersion.targets" from project "C:\Users\Sjoerd\Documents\School\Jaar4\Artificial intelligence\AI\AI\AI.vcxproj" (target "Build" depends on it):
     1>Done building target "ResolveReferences" in project "AI.vcxproj".
       Target "PrepareForBuild" skipped. Previously built successfully.
       Target "PrepareForBuild" skipped. Previously built successfully.
     1>Target "InitializeBuildStatus" in file "C:\Program Files (x86)\MSBuild\Microsoft.Cpp\v4.0\V120\Microsoft.CppBuild.targets" from project "C:\Users\Sjoerd\Documents\School\Jaar4\Artificial intelligence\AI\AI\AI.vcxproj" (target "Build" depends on it):
       Using "ReadLinesFromFile" task from assembly "Microsoft.Build.Tasks.v12.0, Version=12.0.0.0, Culture=neutral, PublicKeyToken=b03f5f7f11d50a3a".
       Task "ReadLinesFromFile"
       Done executing task "ReadLinesFromFile".
       Using "WriteLinesToFile" task from assembly "Microsoft.Build.Tasks.v12.0, Version=12.0.0.0, Culture=neutral, PublicKeyToken=b03f5f7f11d50a3a".
       Task "WriteLinesToFile"
       Done executing task "WriteLinesToFile".
       Using "Touch" task from assembly "Microsoft.Build.Tasks.v12.0, Version=12.0.0.0, Culture=neutral, PublicKeyToken=b03f5f7f11d50a3a".
       Task "Touch"
         Creating "Release\Week1.tlog\unsuccessfulbuild" because "AlwaysCreate" was specified.
       Done executing task "Touch".
     1>Done building target "InitializeBuildStatus" in project "AI.vcxproj".
       Target "AssignProjectConfiguration" skipped. Previously built successfully.
       Target "_SplitProjectReferencesByFileExistence" skipped. Previously built successfully.
     1>Target "BuildGenerateSourcesTraverse" in file "C:\Program Files (x86)\MSBuild\12.0\bin\Microsoft.Common.CurrentVersion.targets" from project "C:\Users\Sjoerd\Documents\School\Jaar4\Artificial intelligence\AI\AI\AI.vcxproj" (target "BuildGenerateSources" depends on it):
       Task "MSBuild" skipped, due to false condition; ('$(BuildPassReferences)' == 'true' and '@(ProjectReferenceWithConfiguration)' != '' and '@(_MSBuildProjectReferenceExistent)' != '' and '%(_MSBuildProjectReferenceExistent.BuildReference)' == 'true') was evaluated as ('' == 'true' and '' != '' and '' != '' and '' == 'true').
     1>Done building target "BuildGenerateSourcesTraverse" in project "AI.vcxproj".
       Target "PrepareForBuild" skipped. Previously built successfully.
       Target "ResolveReferences" skipped. Previously built successfully.
     1>Target "BeforeBuildGenerateSources" in file "C:\Program Files (x86)\MSBuild\Microsoft.Cpp\v4.0\V120\Microsoft.BuildSteps.Targets" from project "C:\Users\Sjoerd\Documents\School\Jaar4\Artificial intelligence\AI\AI\AI.vcxproj" (target "_BuildGenerateSourcesAction" depends on it):
     1>Done building target "BeforeBuildGenerateSources" in project "AI.vcxproj".
     1>Target "PreBuildEvent" in file "C:\Program Files (x86)\MSBuild\Microsoft.Cpp\v4.0\V120\Microsoft.CppCommon.targets" from project "C:\Users\Sjoerd\Documents\School\Jaar4\Artificial intelligence\AI\AI\AI.vcxproj" (target "_BuildGenerateSourcesAction" depends on it):
       Task "Message" skipped, due to false condition; ('%(PreBuildEvent.Message)' != '' and '%(PreBuildEvent.Command)' != '') was evaluated as ('' != '' and '' != '').
       Task "Exec" skipped, due to false condition; ('%(PreBuildEvent.Command)' != '') was evaluated as ('' != '').
     1>Done building target "PreBuildEvent" in project "AI.vcxproj".
       Target "PrepareForBuild" skipped. Previously built successfully.
       Target "SetBuildDefaultEnvironmentVariables" skipped. Previously built successfully.
       Target "SetUserMacroEnvironmentVariables" skipped, due to false condition; ('@(BuildMacro)' != '') was evaluated as ('' != '').
     1>Target "_SelectedFiles" in file "C:\Program Files (x86)\MSBuild\Microsoft.Cpp\v4.0\V120\Microsoft.CppBuild.targets" from project "C:\Users\Sjoerd\Documents\School\Jaar4\Artificial intelligence\AI\AI\AI.vcxproj" (target "SelectCustomBuild" depends on it):
     1>Done building target "_SelectedFiles" in project "AI.vcxproj".
     1>Target "SelectCustomBuild" in file "C:\Program Files (x86)\MSBuild\Microsoft.Cpp\v4.0\V120\Microsoft.CppBuild.targets" from project "C:\Users\Sjoerd\Documents\School\Jaar4\Artificial intelligence\AI\AI\AI.vcxproj" (target "CustomBuild" depends on it):
     1>Done building target "SelectCustomBuild" in project "AI.vcxproj".
     1>Target "ComputeCustomBuildOutput" in file "C:\Program Files (x86)\MSBuild\Microsoft.Cpp\v4.0\V120\Microsoft.CppBuild.targets" from project "C:\Users\Sjoerd\Documents\School\Jaar4\Artificial intelligence\AI\AI\AI.vcxproj" (target "CustomBuild" depends on it):
       Task "CreateItem" skipped, due to false condition; ('%(CustomBuildDirsToMake.OutputFileToTool)'!='') was evaluated as (''!='').
       Task "CreateItem" skipped, due to false condition; ('%(CustomBuildDirsToMake.OutputFileToTool)'!='') was evaluated as (''!='').
       Task "MakeDir"
         Creating directory "C:\Users\Sjoerd\Documents\School\Jaar4\Artificial intelligence\AI\AI\GeneratedFiles\Release\".
       Done executing task "MakeDir".
     1>Done building target "ComputeCustomBuildOutput" in project "AI.vcxproj".
     1>Target "CustomBuild" in file "C:\Program Files (x86)\MSBuild\Microsoft.Cpp\v4.0\V120\Microsoft.CppCommon.targets" from project "C:\Users\Sjoerd\Documents\School\Jaar4\Artificial intelligence\AI\AI\AI.vcxproj" (target "_BuildGenerateSourcesAction" depends on it):
       Using "CustomBuild" task from assembly "C:\Program Files (x86)\MSBuild\Microsoft.Cpp\v4.0\V120\Microsoft.Build.CppTasks.Common.dll".
       Task "CustomBuild"
         Forcing rebuild of all source files due to missing command TLog "C:\Users\Sjoerd\Documents\School\Jaar4\Artificial intelligence\AI\AI\Release\Week1.tlog\custombuild.command.1.tlog".
         "C:\Qt\Qt5.3.2\5.3\msvc2013_opengl\bin\moc.exe"  "C:\Users\Sjoerd\Documents\School\Jaar4\Artificial intelligence\AI\AI\Controller.h" -o ".\GeneratedFiles\Release\moc_Controller.cpp"  -DQT_WIDGETS_LIB -D_MBCS  "-IC:\Qt\Qt5.3.2\5.3\msvc2013_opengl\include\QtWidgets"
         "C:\Qt\Qt5.3.2\5.3\msvc2013_opengl\bin\moc.exe"  "C:\Users\Sjoerd\Documents\School\Jaar4\Artificial intelligence\AI\AI\MainWindow.h" -o ".\GeneratedFiles\Release\moc_MainWindow.cpp"  -DQT_WIDGETS_LIB -D_MBCS  "-IC:\Qt\Qt5.3.2\5.3\msvc2013_opengl\include\QtWidgets"
         Moc'ing Controller.h...
         Moc'ing MainWindow.h...
       Done executing task "CustomBuild".
     1>Done building target "CustomBuild" in project "AI.vcxproj".
       Target "FxCompile" skipped, due to false condition; ('@(FxCompile)' != '') was evaluated as ('' != '').
       Target "Xsd" skipped, due to false condition; ('@(Xsd)' != '') was evaluated as ('' != '').
     1>Target "_Xsd" in file "C:\Program Files (x86)\MSBuild\Microsoft.Cpp\v4.0\V120\Microsoft.CppBuild.targets" from project "C:\Users\Sjoerd\Documents\School\Jaar4\Artificial intelligence\AI\AI\AI.vcxproj" (target "_BuildGenerateSourcesAction" depends on it):
     1>Done building target "_Xsd" in project "AI.vcxproj".
     1>Target "MakeDirsForMidl" in file "C:\Program Files (x86)\MSBuild\Microsoft.Cpp\v4.0\V120\Microsoft.CppBuild.targets" from project "C:\Users\Sjoerd\Documents\School\Jaar4\Artificial intelligence\AI\AI\AI.vcxproj" (target "_Midl" depends on it):
       Task "Makedir"
       Done executing task "Makedir".
     1>Done building target "MakeDirsForMidl" in project "AI.vcxproj".
       Target "Midl" skipped, due to false condition; ('@(Midl)' != '') was evaluated as ('' != '').
       Target "FxCompile" skipped, due to false condition; ('@(FxCompile)' != '') was evaluated as ('' != '').
     1>Target "ComputeMIDLGeneratedCompileInputs" in file "C:\Program Files (x86)\MSBuild\Microsoft.Cpp\v4.0\V120\Microsoft.CppBuild.targets" from project "C:\Users\Sjoerd\Documents\School\Jaar4\Artificial intelligence\AI\AI\AI.vcxproj" (target "_Midl" depends on it):
     1>Done building target "ComputeMIDLGeneratedCompileInputs" in project "AI.vcxproj".
     1>Target "AfterMidl" in file "C:\Program Files (x86)\MSBuild\Microsoft.Cpp\v4.0\V120\Microsoft.CppBuild.targets" from project "C:\Users\Sjoerd\Documents\School\Jaar4\Artificial intelligence\AI\AI\AI.vcxproj" (target "_Midl" depends on it):
     1>Done building target "AfterMidl" in project "AI.vcxproj".
     1>Target "_Midl" in file "C:\Program Files (x86)\MSBuild\Microsoft.Cpp\v4.0\V120\Microsoft.CppBuild.targets" from project "C:\Users\Sjoerd\Documents\School\Jaar4\Artificial intelligence\AI\AI\AI.vcxproj" (target "_BuildGenerateSourcesAction" depends on it):
     1>Done building target "_Midl" in project "AI.vcxproj".
     1>Target "AfterBuildGenerateSources" in file "C:\Program Files (x86)\MSBuild\Microsoft.Cpp\v4.0\V120\Microsoft.BuildSteps.Targets" from project "C:\Users\Sjoerd\Documents\School\Jaar4\Artificial intelligence\AI\AI\AI.vcxproj" (target "_BuildGenerateSourcesAction" depends on it):
     1>Done building target "AfterBuildGenerateSources" in project "AI.vcxproj".
     1>Target "AfterBuildGenerateSourcesEvent" in file "C:\Program Files (x86)\MSBuild\Microsoft.Cpp\v4.0\V120\Microsoft.CppBuild.targets" from project "C:\Users\Sjoerd\Documents\School\Jaar4\Artificial intelligence\AI\AI\AI.vcxproj" (target "_BuildGenerateSourcesAction" depends on it):
     1>Done building target "AfterBuildGenerateSourcesEvent" in project "AI.vcxproj".
     1>Target "_BuildGenerateSourcesAction" in file "C:\Program Files (x86)\MSBuild\Microsoft.Cpp\v4.0\V120\Microsoft.CppBuild.targets" from project "C:\Users\Sjoerd\Documents\School\Jaar4\Artificial intelligence\AI\AI\AI.vcxproj" (target "BuildGenerateSources" depends on it):
     1>Done building target "_BuildGenerateSourcesAction" in project "AI.vcxproj".
     1>Target "BuildGenerateSources" in file "C:\Program Files (x86)\MSBuild\12.0\bin\Microsoft.Common.CurrentVersion.targets" from project "C:\Users\Sjoerd\Documents\School\Jaar4\Artificial intelligence\AI\AI\AI.vcxproj" (target "Build" depends on it):
     1>Done building target "BuildGenerateSources" in project "AI.vcxproj".
       Target "AssignProjectConfiguration" skipped. Previously built successfully.
       Target "_SplitProjectReferencesByFileExistence" skipped. Previously built successfully.
     1>Target "BuildCompileTraverse" in file "C:\Program Files (x86)\MSBuild\12.0\bin\Microsoft.Common.CurrentVersion.targets" from project "C:\Users\Sjoerd\Documents\School\Jaar4\Artificial intelligence\AI\AI\AI.vcxproj" (target "BuildCompile" depends on it):
       Task "MSBuild" skipped, due to false condition; ('$(BuildPassReferences)' == 'true' and '@(ProjectReferenceWithConfiguration)' != '' and '@(_MSBuildProjectReferenceExistent)' != ''  and '%(_MSBuildProjectReferenceExistent.BuildReference)' == 'true') was evaluated as ('' == 'true' and '' != '' and '' != ''  and '' == 'true').
     1>Done building target "BuildCompileTraverse" in project "AI.vcxproj".
       Target "PrepareForBuild" skipped. Previously built successfully.
       Target "ResolveReferences" skipped. Previously built successfully.
     1>Target "BeforeClCompile" in file "C:\Program Files (x86)\MSBuild\Microsoft.Cpp\v4.0\V120\Microsoft.CppBuild.targets" from project "C:\Users\Sjoerd\Documents\School\Jaar4\Artificial intelligence\AI\AI\AI.vcxproj" (target "_ClCompile" depends on it):
     1>Done building target "BeforeClCompile" in project "AI.vcxproj".
       Target "ComputeMIDLGeneratedCompileInputs" skipped. Previously built successfully.
     1>Target "ComputeCLInputPDBName" in file "C:\Program Files (x86)\MSBuild\Microsoft.Cpp\v4.0\V120\Microsoft.CppBuild.targets" from project "C:\Users\Sjoerd\Documents\School\Jaar4\Artificial intelligence\AI\AI\AI.vcxproj" (target "_ClCompile" depends on it):
     1>Done building target "ComputeCLInputPDBName" in project "AI.vcxproj".
       Target "ResolveReferences" skipped. Previously built successfully.
     1>Target "ComputeReferenceCLInput" in file "C:\Program Files (x86)\MSBuild\Microsoft.Cpp\v4.0\V120\Microsoft.CppBuild.targets" from project "C:\Users\Sjoerd\Documents\School\Jaar4\Artificial intelligence\AI\AI\AI.vcxproj" (target "_ClCompile" depends on it):
       Task "WriteLinesToFile" skipped, due to false condition; (('@(_ReferenceCopyLocalPaths)'!='') and '$(DesignTimeBuild)' != 'true') was evaluated as ((''!='') and '' != 'true').
       Task "Message" skipped, due to false condition; ('$(_REFERENCE_DEBUG)'=='true') was evaluated as (''=='true').
     1>Done building target "ComputeReferenceCLInput" in project "AI.vcxproj".
     1>Target "WarnCompileDuplicatedFilename" in file "C:\Program Files (x86)\MSBuild\Microsoft.Cpp\v4.0\V120\Microsoft.CppBuild.targets" from project "C:\Users\Sjoerd\Documents\School\Jaar4\Artificial intelligence\AI\AI\AI.vcxproj" (target "_ClCompile" depends on it):
       Task "VCMessage" skipped, due to false condition; ('%(ClCompile.ExcludedFromBuild)' != 'true' and '%(Filename)%(Extension)' != '@(ClCompile->'%(Filename)%(Extension)')' and '%(ObjectFileName)' == '@(ClCompile->Metadata(ObjectFileName)->Distinct())') was evaluated as ('' != 'true' and 'Controller.cpp' != 'Controller.cpp' and 'Release\' == 'Release\').
       Task "VCMessage" skipped, due to false condition; ('%(ClCompile.ExcludedFromBuild)' != 'true' and '%(Filename)%(Extension)' != '@(ClCompile->'%(Filename)%(Extension)')' and '%(ObjectFileName)' == '@(ClCompile->Metadata(ObjectFileName)->Distinct())') was evaluated as ('' != 'true' and 'Cow.cpp' != 'Cow.cpp' and 'Release\' == 'Release\').
       Task "VCMessage" skipped, due to false condition; ('%(ClCompile.ExcludedFromBuild)' != 'true' and '%(Filename)%(Extension)' != '@(ClCompile->'%(Filename)%(Extension)')' and '%(ObjectFileName)' == '@(ClCompile->Metadata(ObjectFileName)->Distinct())') was evaluated as ('' != 'true' and 'Edge.cpp' != 'Edge.cpp' and 'Release\' == 'Release\').
       Task "VCMessage" skipped, due to false condition; ('%(ClCompile.ExcludedFromBuild)' != 'true' and '%(Filename)%(Extension)' != '@(ClCompile->'%(Filename)%(Extension)')' and '%(ObjectFileName)' == '@(ClCompile->Metadata(ObjectFileName)->Distinct())') was evaluated as ('' != 'true' and 'Graph.cpp' != 'Graph.cpp' and 'Release\' == 'Release\').
       Task "VCMessage" skipped, due to false condition; ('%(ClCompile.ExcludedFromBuild)' != 'true' and '%(Filename)%(Extension)' != '@(ClCompile->'%(Filename)%(Extension)')' and '%(ObjectFileName)' == '@(ClCompile->Metadata(ObjectFileName)->Distinct())') was evaluated as ('' != 'true' and 'Hare.cpp' != 'Hare.cpp' and 'Release\' == 'Release\').
       Task "VCMessage" skipped, due to false condition; ('%(ClCompile.ExcludedFromBuild)' != 'true' and '%(Filename)%(Extension)' != '@(ClCompile->'%(Filename)%(Extension)')' and '%(ObjectFileName)' == '@(ClCompile->Metadata(ObjectFileName)->Distinct())') was evaluated as ('' != 'true' and 'Main.cpp' != 'Main.cpp' and 'Release\' == 'Release\').
       Task "VCMessage" skipped, due to false condition; ('%(ClCompile.ExcludedFromBuild)' != 'true' and '%(Filename)%(Extension)' != '@(ClCompile->'%(Filename)%(Extension)')' and '%(ObjectFileName)' == '@(ClCompile->Metadata(ObjectFileName)->Distinct())') was evaluated as ('' != 'true' and 'MainWindow.cpp' != 'MainWindow.cpp' and 'Release\' == 'Release\').
       Task "VCMessage" skipped, due to false condition; ('%(ClCompile.ExcludedFromBuild)' != 'true' and '%(Filename)%(Extension)' != '@(ClCompile->'%(Filename)%(Extension)')' and '%(ObjectFileName)' == '@(ClCompile->Metadata(ObjectFileName)->Distinct())') was evaluated as ('' != 'true' and 'Vertex.cpp' != 'Vertex.cpp' and 'Release\' == 'Release\').
     1>Done building target "WarnCompileDuplicatedFilename" in project "AI.vcxproj".
     1>Target "MakeDirsForCl" in file "C:\Program Files (x86)\MSBuild\Microsoft.Cpp\v4.0\V120\Microsoft.CppBuild.targets" from project "C:\Users\Sjoerd\Documents\School\Jaar4\Artificial intelligence\AI\AI\AI.vcxproj" (target "_ClCompile" depends on it):
       Task "MakeDir"
       Done executing task "MakeDir".
     1>Done building target "MakeDirsForCl" in project "AI.vcxproj".
       Target "_SelectedFiles" skipped. Previously built successfully.
       Target "ComputeMIDLGeneratedCompileInputs" skipped. Previously built successfully.
       Target "ComputeCLInputPDBName" skipped. Previously built successfully.
       Target "ComputeReferenceCLInput" skipped. Previously built successfully.
       Target "WarnCompileDuplicatedFilename" skipped. Previously built successfully.
       Target "SelectCustomBuild" skipped. Previously built successfully.
     1>Target "SelectClCompile" in file "C:\Program Files (x86)\MSBuild\Microsoft.Cpp\v4.0\V120\Microsoft.CppBuild.targets" from project "C:\Users\Sjoerd\Documents\School\Jaar4\Artificial intelligence\AI\AI\AI.vcxproj" (target "ClCompile" depends on it):
     1>Done building target "SelectClCompile" in project "AI.vcxproj".
       Target "GenerateTargetFrameworkMonikerAttribute" skipped, due to false condition; ('$(GenerateTargetFrameworkAttribute)' == 'true') was evaluated as ('false' == 'true').
       Target "ManagedIncrementalBuildPreProcessDependencyGraph" skipped, due to false condition; ('@(ClCompile)' != '' and '$(EnableManagedIncrementalBuild)' == 'True') was evaluated as ('Controller.cpp;Cow.cpp;Edge.cpp;Graph.cpp;Hare.cpp;Main.cpp;MainWindow.cpp;Vertex.cpp' != '' and 'false' == 'True').
     1>Target "ClCompile" in file "C:\Program Files (x86)\MSBuild\Microsoft.Cpp\v4.0\V120\Microsoft.CppCommon.targets" from project "C:\Users\Sjoerd\Documents\School\Jaar4\Artificial intelligence\AI\AI\AI.vcxproj" (target "_ClCompile" depends on it):
       Using "Delete" task from assembly "Microsoft.Build.Tasks.v12.0, Version=12.0.0.0, Culture=neutral, PublicKeyToken=b03f5f7f11d50a3a".
       Task "Delete"
       Done executing task "Delete".
       Task "CL" skipped, due to false condition; ('%(ClCompile.PrecompiledHeader)' == 'Create' and '%(ClCompile.ExcludedFromBuild)'!='true' and '%(ClCompile.CompilerIteration)' == '') was evaluated as ('NotUsing' == 'Create' and ''!='true' and '' == '').
       Using "CL" task from assembly "C:\Program Files (x86)\MSBuild\Microsoft.Cpp\v4.0\V120\Microsoft.Build.CppTasks.Common.dll".
       Task "CL"
         Forcing recompile of all source files due to missing PDB "Release\vc120.pdb".
         Environment Variables passed to tool:
           VS_UNICODE_OUTPUT=1280
         C:\Program Files (x86)\Microsoft Visual Studio 12.0\VC\bin\CL.exe /c /I"C:\Users\Sjoerd\Documents\School\Jaar4\Artificial intelligence\AI\packages\SDL.1.2.15.15\build\native\../..//build/native/include/" /IC:\Qt\Qt5.3.2\5.3\msvc2013_opengl\include\QtWidgets /Zi /nologo /W3 /WX- /sdl /O2 /Oi /Oy- /GL /D HAS_SDL /D QT_WIDGETS_LIB /D _MBCS /Gm- /EHsc /MD /GS /Gy /fp:precise /Zc:wchar_t /Zc:forScope /Fo"Release\\" /Fd"Release\vc120.pdb" /Gd /TP /analyze- /errorReport:prompt Controller.cpp Cow.cpp Edge.cpp Graph.cpp Hare.cpp Main.cpp MainWindow.cpp Vertex.cpp
         Tracking command:
         C:\Program Files (x86)\MSBuild\12.0\bin\Tracker.exe /d "C:\Program Files (x86)\MSBuild\12.0\bin\FileTracker.dll" /i "C:\Users\Sjoerd\Documents\School\Jaar4\Artificial intelligence\AI\AI\Release\Week1.tlog" /r "C:\USERS\SJOERD\DOCUMENTS\SCHOOL\JAAR4\ARTIFICIAL INTELLIGENCE\AI\AI\CONTROLLER.CPP|C:\USERS\SJOERD\DOCUMENTS\SCHOOL\JAAR4\ARTIFICIAL INTELLIGENCE\AI\AI\COW.CPP|C:\USERS\SJOERD\DOCUMENTS\SCHOOL\JAAR4\ARTIFICIAL INTELLIGENCE\AI\AI\EDGE.CPP|C:\USERS\SJOERD\DOCUMENTS\SCHOOL\JAAR4\ARTIFICIAL INTELLIGENCE\AI\AI\GRAPH.CPP|C:\USERS\SJOERD\DOCUMENTS\SCHOOL\JAAR4\ARTIFICIAL INTELLIGENCE\AI\AI\HARE.CPP|C:\USERS\SJOERD\DOCUMENTS\SCHOOL\JAAR4\ARTIFICIAL INTELLIGENCE\AI\AI\MAIN.CPP|C:\USERS\SJOERD\DOCUMENTS\SCHOOL\JAAR4\ARTIFICIAL INTELLIGENCE\AI\AI\MAINWINDOW.CPP|C:\USERS\SJOERD\DOCUMENTS\SCHOOL\JAAR4\ARTIFICIAL INTELLIGENCE\AI\AI\VERTEX.CPP" /b MSBuildConsole_CancelEvent90f24f5a7709429fb995fbfbcfdd1a6b  /c "C:\Program Files (x86)\Microsoft Visual Studio 12.0\VC\bin\CL.exe"  /c /I"C:\Users\Sjoerd\Documents\School\Jaar4\Artificial intelligence\AI\packages\SDL.1.2.15.15\build\native\../..//build/native/include/" /IC:\Qt\Qt5.3.2\5.3\msvc2013_opengl\include\QtWidgets /Zi /nologo /W3 /WX- /sdl /O2 /Oi /Oy- /GL /D HAS_SDL /D QT_WIDGETS_LIB /D _MBCS /Gm- /EHsc /MD /GS /Gy /fp:precise /Zc:wchar_t /Zc:forScope /Fo"Release\\" /Fd"Release\vc120.pdb" /Gd /TP /analyze- /errorReport:prompt Controller.cpp Cow.cpp Edge.cpp Graph.cpp Hare.cpp Main.cpp MainWindow.cpp Vertex.cpp
         Controller.cpp
     1>c:\users\sjoerd\documents\school\jaar4\artificial intelligence\ai\ai\Controller.h(3): fatal error C1083: Cannot open include file: 'QObject': No such file or directory
         Cow.cpp
         Edge.cpp
         Graph.cpp
     1>Graph.cpp(18): warning C4018: '<' : signed/unsigned mismatch
         Hare.cpp
         Main.cpp
     1>c:\qt\qt5.3.2\5.3\msvc2013_opengl\include\qtwidgets\qapplication.h(45): fatal error C1083: Cannot open include file: 'QtCore/qcoreapplication.h': No such file or directory
         MainWindow.cpp
     1>C:\Qt\Qt5.3.2\5.3\msvc2013_opengl\include\QtWidgets\QtWidgets(3): fatal error C1083: Cannot open include file: 'QtWidgets/QtWidgetsDepends': No such file or directory
         Vertex.cpp
         The command exited with code 2.
       Done executing task "CL" -- FAILED.
     1>Done building target "ClCompile" in project "AI.vcxproj" -- FAILED.
     1>Done Building Project "C:\Users\Sjoerd\Documents\School\Jaar4\Artificial intelligence\AI\AI\AI.vcxproj" (Build target(s)) -- FAILED.

Build FAILED.

Time Elapsed 00:00:03.47
