Build started 11/23/2014 3:19:23 PM.
     1>Project "C:\Users\stefan\Documents\SourceTree\AI\AI\AI\AI.vcxproj" on node 2 (Build target(s)).
     1>CustomBuild:
         Moc'ing MainWindow.h...
     1>C:\Program Files (x86)\MSBuild\Microsoft.Cpp\v4.0\V120\Microsoft.CppBuild.targets(935,5): warning MSB8027: Two or more files with the name of moc_Controller.cpp will produce outputs to the same location. This can lead to an incorrect build result.  The files involved are GeneratedFiles\Debug\moc_Controller.cpp, GeneratedFiles\Release\moc_Controller.cpp.
     1>C:\Program Files (x86)\MSBuild\Microsoft.Cpp\v4.0\V120\Microsoft.CppBuild.targets(935,5): warning MSB8027: Two or more files with the name of moc_MainWindow.cpp will produce outputs to the same location. This can lead to an incorrect build result.  The files involved are GeneratedFiles\Debug\moc_MainWindow.cpp, GeneratedFiles\Release\moc_MainWindow.cpp.
       ClCompile:
         C:\Program Files (x86)\Microsoft Visual Studio 12.0\VC\bin\CL.exe /c /IC:\Users\stefan\Documents\SourceTree\AI\AI\packages\SDL.1.2.15.15\build\native\../..//build/native/include/ /IC:\Qt\Qt5.3.2\5.3\msvc2013_opengl\include /I.\GeneratedFiles\Debug /IC:\Qt\Qt5.3.2\5.3\msvc2013_opengl\include\QtCore /IC:\Qt\Qt5.3.2\5.3\msvc2013_opengl\include\QtGui /IC:\Qt\Qt5.3.2\5.3\msvc2013_opengl\include\QtWidgets /IC:\Qt\Qt5.3.2\5.3\msvc2013_opengl\include\QtOpenGL /Zi /nologo /W3 /WX- /sdl /Od /Oy- /GL /D HAS_SDL /D QT_DLL /D QWT_DLL /D _CRT_SECURE_NO_WARNINGS /D QT_WIDGETS_LIB /Gm /EHsc /RTC1 /MDd /GS /fp:precise /Zc:wchar_t /Zc:forScope /Fo"Debug\\" /Fd"Debug\vc120.pdb" /Gd /TP /analyze- /errorReport:prompt Controller.cpp GeneratedFiles\Debug\moc_Controller.cpp GeneratedFiles\Debug\moc_MainWindow.cpp Main.cpp MainWindow.cpp
         MainWindow.cpp
     1>MainWindow.cpp(39): warning C4018: '<' : signed/unsigned mismatch
     1>MainWindow.cpp(45): warning C4018: '<' : signed/unsigned mismatch
         moc_MainWindow.cpp
         Skipping... (no relevant changes detected)
         Main.cpp
         moc_Controller.cpp
         Controller.cpp
       Link:
         C:\Program Files (x86)\Microsoft Visual Studio 12.0\VC\bin\link.exe /ERRORREPORT:PROMPT /OUT:"C:\Users\stefan\Documents\SourceTree\AI\AI\Debug\Week1.exe" /INCREMENTAL /NOLOGO /LIBPATH:C:\Qt\Qt5.3.2\5.3\msvc2013_opengl\lib kernel32.lib user32.lib gdi32.lib winspool.lib comdlg32.lib advapi32.lib shell32.lib ole32.lib oleaut32.lib uuid.lib odbc32.lib odbccp32.lib C:\Qt\Qt5.3.2\5.3\msvc2013_opengl\lib\qtmaind.lib C:\Qt\Qt5.3.2\5.3\msvc2013_opengl\lib\Qt5Cored.lib C:\Qt\Qt5.3.2\5.3\msvc2013_opengl\lib\Qt5Guid.lib C:\Qt\Qt5.3.2\5.3\msvc2013_opengl\lib\Qt5OpenGLd.lib opengl32.lib glu32.lib C:\Qt\Qt5.3.2\5.3\msvc2013_opengl\lib\Qt5Widgetsd.lib kernel32.lib user32.lib gdi32.lib winspool.lib comdlg32.lib advapi32.lib shell32.lib ole32.lib oleaut32.lib uuid.lib odbc32.lib odbccp32.lib /MANIFEST /MANIFESTUAC:"level='asInvoker' uiAccess='false'" /manifest:embed /DEBUG /PDB:"C:\Users\stefan\Documents\SourceTree\AI\AI\Debug\Week1.pdb" /LTCG /TLBID:1 /DYNAMICBASE /NXCOMPAT /IMPLIB:"C:\Users\stefan\Documents\SourceTree\AI\AI\Debug\Week1.lib" /MACHINE:X86 Debug\Controller.obj
         Debug\Cow.obj
         Debug\Edge.obj
         Debug\moc_Controller.obj
         Debug\moc_MainWindow.obj
         Debug\Graph.obj
         Debug\Hare.obj
         Debug\Main.obj
         Debug\MainWindow.obj
         Debug\Vertex.obj
     1>LINK : warning LNK4075: ignoring '/INCREMENTAL' due to '/LTCG' specification
         Generating code
         Finished generating code
         AI.vcxproj -> C:\Users\stefan\Documents\SourceTree\AI\AI\Debug\Week1.exe
     1>Done Building Project "C:\Users\stefan\Documents\SourceTree\AI\AI\AI\AI.vcxproj" (Build target(s)).

Build succeeded.

Time Elapsed 00:00:09.40
