c:\users\stefan\documents\sourcetree\ai\ai\ai\debug\vc120.pdb
c:\users\stefan\documents\sourcetree\ai\ai\ai\debug\vc120.idb
c:\users\stefan\documents\sourcetree\ai\ai\ai\debug\controller.obj
c:\users\stefan\documents\sourcetree\ai\ai\ai\debug\cow.obj
c:\users\stefan\documents\sourcetree\ai\ai\ai\debug\edge.obj
c:\users\stefan\documents\sourcetree\ai\ai\ai\debug\moc_controller.obj
c:\users\stefan\documents\sourcetree\ai\ai\ai\debug\moc_mainwindow.obj
c:\users\stefan\documents\sourcetree\ai\ai\ai\debug\graph.obj
c:\users\stefan\documents\sourcetree\ai\ai\ai\debug\hare.obj
c:\users\stefan\documents\sourcetree\ai\ai\ai\debug\main.obj
c:\users\stefan\documents\sourcetree\ai\ai\ai\debug\mainwindow.obj
c:\users\stefan\documents\sourcetree\ai\ai\ai\debug\vertex.obj
c:\users\stefan\documents\sourcetree\ai\ai\ai\generatedfiles\debug\moc_controller.cpp
c:\users\stefan\documents\sourcetree\ai\ai\ai\generatedfiles\debug\moc_mainwindow.cpp
c:\users\stefan\documents\sourcetree\ai\ai\debug\week1.exe
c:\users\stefan\documents\sourcetree\ai\ai\debug\week1.pdb
c:\users\stefan\documents\sourcetree\ai\ai\ai\debug\week1.tlog\cl.command.1.tlog
c:\users\stefan\documents\sourcetree\ai\ai\ai\debug\week1.tlog\cl.read.1.tlog
c:\users\stefan\documents\sourcetree\ai\ai\ai\debug\week1.tlog\cl.write.1.tlog
c:\users\stefan\documents\sourcetree\ai\ai\ai\debug\week1.tlog\custombuild.command.1.tlog
c:\users\stefan\documents\sourcetree\ai\ai\ai\debug\week1.tlog\custombuild.read.1.tlog
c:\users\stefan\documents\sourcetree\ai\ai\ai\debug\week1.tlog\custombuild.write.1.tlog
c:\users\stefan\documents\sourcetree\ai\ai\ai\debug\week1.tlog\link.command.1.tlog
c:\users\stefan\documents\sourcetree\ai\ai\ai\debug\week1.tlog\link.read.1.tlog
c:\users\stefan\documents\sourcetree\ai\ai\ai\debug\week1.tlog\link.write.1.tlog
